2025-08-23 14:24:47,521 [INFO] Starting data ingestion pipeline...
2025-08-23 14:24:47,522 [ERROR] CSV ingestion failed: [Errno 2] No such file or directory: 'customer_transactions.csv'
2025-08-23 14:24:50,584 [INFO] API ingestion successful. File saved: raw_data\api_data_20250823_142450.csv
2025-08-23 14:24:50,585 [ERROR] Git versioning failed: d:\BITS_SEM2\DMML_Assignment
2025-08-23 14:24:50,585 [INFO] Data ingestion pipeline completed.
2025-08-23 14:35:49,039 [INFO] === Starting data ingestion pipeline ===
2025-08-23 14:35:49,039 [ERROR] CSV ingestion failed: [Errno 2] No such file or directory: 'customer_transactions.csv'
2025-08-23 14:35:49,693 [INFO] API ingestion successful. File saved: Initial_data\api_data_20250823_143549.csv
2025-08-23 14:35:49,698 [ERROR] Git versioning failed: d:\BITS_SEM2\DMML_Assignment
2025-08-23 14:35:49,698 [INFO] === Data ingestion pipeline completed ===
2025-08-23 14:36:08,827 [INFO] === Starting data ingestion pipeline ===
2025-08-23 14:36:08,828 [ERROR] CSV ingestion failed: [Errno 2] No such file or directory: 'customer_transactions.csv'
2025-08-23 14:36:11,014 [INFO] API ingestion successful. File saved: Initial_data\api_data_20250823_143611.csv
2025-08-23 14:36:11,018 [ERROR] Git versioning failed: d:\BITS_SEM2\DMML_Assignment
2025-08-23 14:36:11,019 [INFO] === Data ingestion pipeline completed ===
2025-08-23 14:46:23,273 [INFO] === Starting data ingestion pipeline ===
2025-08-23 14:46:23,346 [INFO] CSV ingestion successful. File saved: Initial_data\transactions_20250823_144623.csv
2025-08-23 14:46:23,347 [ERROR] Git versioning failed: d:\BITS_SEM2\DMML_Assignment
2025-08-23 14:46:24,320 [INFO] API ingestion successful. File saved: Initial_data\api_data_20250823_144624.csv
2025-08-23 14:46:24,323 [ERROR] Git versioning failed: d:\BITS_SEM2\DMML_Assignment
2025-08-23 14:46:24,323 [INFO] === Data ingestion pipeline completed ===
2025-08-23 14:48:42,148 [INFO] === Starting data ingestion pipeline ===
2025-08-23 14:48:42,244 [INFO] CSV ingestion successful. File saved: Initial_data\transactions_20250823_144842.csv
2025-08-23 14:48:42,522 [INFO] Data versioned in Git: Initial_data\transactions_20250823_144842.csv
2025-08-23 14:48:43,125 [INFO] API ingestion successful. File saved: Initial_data\api_data_20250823_144843.csv
2025-08-23 14:48:43,419 [INFO] Data versioned in Git: Initial_data\api_data_20250823_144843.csv
2025-08-23 14:48:43,419 [INFO] === Data ingestion pipeline completed ===
2025-08-23 14:50:50,009 [INFO] === Starting data ingestion pipeline ===
2025-08-23 14:50:50,055 [INFO] CSV ingestion successful. File saved: Initial_data\transactions_20250823_145050.csv
2025-08-23 14:50:50,364 [INFO] Data versioned in Git: Initial_data\transactions_20250823_145050.csv
2025-08-23 14:50:50,959 [INFO] API ingestion successful. File saved: Initial_data\api_data_20250823_145050.csv
2025-08-23 14:50:51,319 [INFO] Data versioned in Git: Initial_data\api_data_20250823_145050.csv
2025-08-23 14:50:51,320 [INFO] === Data ingestion pipeline completed ===
2025-08-23 15:14:59,427 [INFO] === Starting data ingestion pipeline ===
2025-08-23 15:14:59,503 [INFO] CSV ingestion successful. File saved: Initial_data\transactions_20250823_151459.csv
2025-08-23 15:14:59,837 [INFO] Data versioned in Git: Initial_data\transactions_20250823_151459.csv
2025-08-23 15:15:03,505 [INFO] API ingestion successful. File saved: Initial_data\api_data_20250823_151503.csv
2025-08-23 15:15:03,821 [INFO] Data versioned in Git: Initial_data\api_data_20250823_151503.csv
2025-08-23 15:15:03,821 [INFO] === Data ingestion pipeline completed ===
2025-08-23 15:22:23,601 [INFO] === Starting data ingestion pipeline ===
2025-08-23 15:22:23,625 [ERROR] CSV ingestion failed: Cannot save file into a non-existent directory: 'Initial_data'
2025-08-23 15:22:24,275 [ERROR] API ingestion failed: Cannot save file into a non-existent directory: 'Initial_data'
2025-08-23 15:22:24,277 [INFO] === Data ingestion pipeline completed ===
2025-08-23 15:22:56,166 [INFO] === Starting data ingestion pipeline ===
2025-08-23 15:22:56,214 [INFO] CSV ingestion successful. File saved: Initial_data\transactions_20250823_152256.csv
2025-08-23 15:22:56,689 [INFO] Data versioned in Git: Initial_data\transactions_20250823_152256.csv
2025-08-23 15:22:57,875 [INFO] API ingestion successful. File saved: Initial_data\api_data_20250823_152257.csv
2025-08-23 15:22:58,265 [INFO] Data versioned in Git: Initial_data\api_data_20250823_152257.csv
2025-08-23 15:22:58,265 [INFO] === Data ingestion pipeline completed ===
2025-08-23 15:30:32,904 [INFO] === Starting data ingestion pipeline ===
2025-08-23 15:30:32,951 [INFO] CSV ingestion successful. File saved: Initial_data\transactions_20250823_153032.csv
2025-08-23 15:30:32,964 [INFO] Stored raw data \u2192 data_lake\raw\csv\transactions_20250823_153032_20250823_153032.csv
2025-08-23 15:30:33,261 [INFO] Data versioned in Git: data_lake\raw\csv\transactions_20250823_153032_20250823_153032.csv
2025-08-23 15:30:35,648 [INFO] API ingestion successful. File saved: Initial_data\api_data_20250823_153035.csv
2025-08-23 15:30:35,651 [INFO] Stored raw data \u2192 data_lake\raw\api\api_data_20250823_153035_20250823_153035.csv
2025-08-23 15:30:36,000 [INFO] Data versioned in Git: data_lake\raw\api\api_data_20250823_153035_20250823_153035.csv
2025-08-23 15:30:36,000 [INFO] === Data ingestion pipeline completed ===
2025-08-23 15:31:04,021 [INFO] === Starting data ingestion pipeline ===
2025-08-23 15:31:04,075 [INFO] CSV ingestion successful. File saved: Initial_data\transactions_20250823_153104.csv
2025-08-23 15:31:04,088 [INFO] Stored raw data \u2192 data_lake\raw\csv\transactions_20250823_153104_20250823_153104.csv
2025-08-23 15:31:04,433 [INFO] Data versioned in Git: data_lake\raw\csv\transactions_20250823_153104_20250823_153104.csv
2025-08-23 15:31:06,208 [INFO] API ingestion successful. File saved: Initial_data\api_data_20250823_153106.csv
2025-08-23 15:31:06,213 [INFO] Stored raw data \u2192 data_lake\raw\api\api_data_20250823_153106_20250823_153106.csv
2025-08-23 15:31:06,567 [INFO] Data versioned in Git: data_lake\raw\api\api_data_20250823_153106_20250823_153106.csv
2025-08-23 15:31:06,567 [INFO] === Data ingestion pipeline completed ===
2025-08-23 15:38:40,569 [INFO] === Starting data ingestion pipeline ===
2025-08-23 15:38:40,619 [INFO] CSV ingestion successful. File saved: Initial_data\transactions_20250823_153840.csv
2025-08-23 15:38:40,635 [INFO] Stored raw data \u2192 data_lake\raw\csv\transactions_20250823_153840_20250823_153840.csv
2025-08-23 15:38:40,934 [INFO] Data versioned in Git: data_lake\raw\csv\transactions_20250823_153840_20250823_153840.csv
2025-08-23 15:38:41,839 [INFO] API ingestion successful. File saved: Initial_data\api_data_20250823_153841.csv
2025-08-23 15:38:41,841 [INFO] Stored raw data \u2192 data_lake\raw\api\api_data_20250823_153841_20250823_153841.csv
2025-08-23 15:38:42,146 [INFO] Data versioned in Git: data_lake\raw\api\api_data_20250823_153841_20250823_153841.csv
2025-08-23 15:38:42,146 [INFO] === Data ingestion pipeline completed ===
2025-08-23 15:39:27,491 [INFO] === Starting data ingestion pipeline ===
2025-08-23 15:39:27,547 [INFO] CSV ingestion successful. File saved: Initial_data\transactions_20250823_153927.csv
2025-08-23 15:39:27,561 [INFO] Stored raw data \u2192 data_lake\raw\csv\transactions_20250823_153927_20250823_153927.csv
2025-08-23 15:39:27,870 [INFO] Data versioned in Git: data_lake\raw\csv\transactions_20250823_153927_20250823_153927.csv
2025-08-23 15:39:28,499 [INFO] API ingestion successful. File saved: Initial_data\api_data_20250823_153928.csv
2025-08-23 15:39:28,504 [INFO] Stored raw data \u2192 data_lake\raw\api\api_data_20250823_153928_20250823_153928.csv
2025-08-23 15:39:28,804 [INFO] Data versioned in Git: data_lake\raw\api\api_data_20250823_153928_20250823_153928.csv
2025-08-23 15:39:28,820 [INFO] === Data ingestion & validation pipeline completed ===
2025-08-23 15:47:31,454 [INFO] generated new fontManager
2025-08-23 15:50:05,780 [INFO] === Starting end-to-end pipeline ===
2025-08-23 15:50:05,843 [INFO] CSV ingestion successful. File saved: Initial_data\transactions_20250823_155005.csv
2025-08-23 15:50:05,854 [INFO] Stored raw data \u2192 data_lake\raw\csv\transactions_20250823_155005_20250823_155005.csv
2025-08-23 15:50:06,229 [INFO] Data versioned in Git: data_lake\raw\csv\transactions_20250823_155005_20250823_155005.csv
2025-08-23 15:51:29,563 [INFO] API ingestion successful. File saved: Initial_data\api_data_20250823_155129.csv
2025-08-23 15:51:29,585 [INFO] Stored raw data \u2192 data_lake\raw\api\api_data_20250823_155129_20250823_155129.csv
2025-08-23 15:51:29,901 [INFO] Data versioned in Git: data_lake\raw\api\api_data_20250823_155129_20250823_155129.csv
2025-08-23 15:51:30,069 [INFO] === End-to-end pipeline completed ===
2025-08-23 15:55:00,924 [INFO] === Starting end-to-end pipeline ===
2025-08-23 15:55:00,972 [INFO] CSV ingestion successful. File saved: Initial_data\transactions_20250823_155500.csv
2025-08-23 15:55:00,983 [INFO] Stored raw data \u2192 data_lake\raw\csv\transactions_20250823_155500_20250823_155500.csv
2025-08-23 15:55:01,289 [INFO] Data versioned in Git: data_lake\raw\csv\transactions_20250823_155500_20250823_155500.csv
2025-08-23 15:55:49,951 [INFO] API ingestion successful. File saved: Initial_data\api_data_20250823_155549.csv
2025-08-23 15:55:49,957 [INFO] Stored raw data \u2192 data_lake\raw\api\api_data_20250823_155549_20250823_155549.csv
2025-08-23 15:55:50,291 [INFO] Data versioned in Git: data_lake\raw\api\api_data_20250823_155549_20250823_155549.csv
2025-08-23 15:55:50,483 [INFO] === End-to-end pipeline completed ===
2025-08-23 16:02:54,146 [INFO] === Starting full pipeline ===
2025-08-23 16:02:54,203 [INFO] CSV ingestion successful. File saved: Initial_data\transactions_20250823_160254.csv
2025-08-23 16:02:54,232 [INFO] Stored raw data \u2192 data_lake\raw\csv\transactions_20250823_160254_20250823_160254.csv
2025-08-23 16:02:54,535 [INFO] Data versioned in Git: data_lake\raw\csv\transactions_20250823_160254_20250823_160254.csv
2025-08-23 16:06:20,713 [INFO] === Starting full pipeline ===
2025-08-23 16:06:20,763 [INFO] CSV ingestion successful. File saved: Initial_data\transactions_20250823_160620.csv
2025-08-23 16:06:20,773 [INFO] Stored raw data \u2192 data_lake\raw\csv\transactions_20250823_160620_20250823_160620.csv
2025-08-23 16:06:21,057 [INFO] Data versioned in Git: data_lake\raw\csv\transactions_20250823_160620_20250823_160620.csv
2025-08-23 16:08:22,150 [INFO] === Starting full pipeline ===
2025-08-23 16:08:22,216 [INFO] CSV ingestion successful. File saved: Initial_data\transactions_20250823_160822.csv
2025-08-23 16:08:22,240 [INFO] Stored raw data \u2192 data_lake\raw\csv\transactions_20250823_160822_20250823_160822.csv
2025-08-23 16:08:22,624 [INFO] Data versioned in Git: data_lake\raw\csv\transactions_20250823_160822_20250823_160822.csv
2025-08-23 16:11:18,997 [INFO] === Starting full pipeline ===
2025-08-23 16:11:19,054 [INFO] CSV ingestion successful. File saved: Initial_data\transactions_20250823_161119.csv
2025-08-23 16:11:19,066 [INFO] Stored raw data \u2192 data_lake\raw\csv\transactions_20250823_161119_20250823_161119.csv
2025-08-23 16:11:19,378 [INFO] Data versioned in Git: data_lake\raw\csv\transactions_20250823_161119_20250823_161119.csv
2025-08-23 16:11:48,060 [INFO] API ingestion successful. File saved: Initial_data\api_data_20250823_161148.csv
2025-08-23 16:11:48,076 [INFO] Stored raw data \u2192 data_lake\raw\api\api_data_20250823_161148_20250823_161148.csv
2025-08-23 16:11:48,416 [INFO] Data versioned in Git: data_lake\raw\api\api_data_20250823_161148_20250823_161148.csv
2025-08-23 16:11:48,631 [INFO] === Full pipeline completed ===
2025-08-23 16:13:40,249 [INFO] === Starting full pipeline ===
2025-08-23 16:13:40,313 [INFO] CSV ingestion successful. File saved: Initial_data\transactions_20250823_161340.csv
2025-08-23 16:13:40,323 [INFO] Stored raw data \u2192 data_lake\raw\csv\transactions_20250823_161340_20250823_161340.csv
2025-08-23 16:13:40,638 [INFO] Data versioned in Git: data_lake\raw\csv\transactions_20250823_161340_20250823_161340.csv
2025-08-23 16:14:14,053 [INFO] API ingestion successful. File saved: Initial_data\api_data_20250823_161414.csv
2025-08-23 16:14:14,066 [INFO] Stored raw data \u2192 data_lake\raw\api\api_data_20250823_161414_20250823_161414.csv
2025-08-23 16:14:14,335 [INFO] Data versioned in Git: data_lake\raw\api\api_data_20250823_161414_20250823_161414.csv
2025-08-23 16:14:14,663 [INFO] === Full pipeline completed ===
2025-08-23 16:23:04,247 [INFO] === Starting full pipeline ===
2025-08-23 16:23:04,292 [INFO] CSV ingestion successful. File saved: Initial_data\transactions_20250823_162304.csv
2025-08-23 16:23:04,326 [INFO] Stored raw data \u2192 data_lake\raw\csv\transactions_20250823_162304_20250823_162304.csv
2025-08-23 16:23:04,696 [INFO] Data versioned in Git: data_lake\raw\csv\transactions_20250823_162304_20250823_162304.csv
2025-08-23 16:23:40,525 [INFO] API ingestion successful. File saved: Initial_data\api_data_20250823_162340.csv
2025-08-23 16:23:40,536 [INFO] Stored raw data \u2192 data_lake\raw\api\api_data_20250823_162340_20250823_162340.csv
2025-08-23 16:23:40,972 [INFO] Data versioned in Git: data_lake\raw\api\api_data_20250823_162340_20250823_162340.csv
2025-08-23 16:23:41,325 [INFO] === Full pipeline completed ===
2025-08-23 16:35:03,176 [INFO] === Starting full pipeline ===
2025-08-23 16:35:03,236 [INFO] CSV ingestion successful. File saved: Initial_data\transactions_20250823_163503.csv
2025-08-23 16:35:03,261 [INFO] Stored raw data \u2192 data_lake\raw\csv\transactions_20250823_163503_20250823_163503.csv
2025-08-23 16:35:03,560 [INFO] Data versioned in Git: data_lake\raw\csv\transactions_20250823_163503_20250823_163503.csv
2025-08-23 16:35:32,116 [WARNING] DB storage skipped: missing key columns customer_id, total_spend, tenure_months, activity_count
2025-08-23 16:35:34,486 [INFO] API ingestion successful. File saved: Initial_data\api_data_20250823_163534.csv
2025-08-23 16:35:34,513 [INFO] Stored raw data \u2192 data_lake\raw\api\api_data_20250823_163534_20250823_163534.csv
2025-08-23 16:35:34,874 [INFO] Data versioned in Git: data_lake\raw\api\api_data_20250823_163534_20250823_163534.csv
2025-08-23 16:35:35,106 [WARNING] DB storage skipped: missing key columns customer_id, total_spend, tenure_months, activity_count
2025-08-23 16:35:35,106 [INFO] === Full pipeline completed ===
2025-08-23 16:36:17,780 [INFO] === Starting full pipeline ===
2025-08-23 16:36:18,000 [INFO] CSV ingestion successful. File saved: Initial_data\transactions_20250823_163617.csv
2025-08-23 16:36:18,018 [INFO] Stored raw data \u2192 data_lake\raw\csv\transactions_20250823_163617_20250823_163618.csv
2025-08-23 16:36:18,366 [INFO] Data versioned in Git: data_lake\raw\csv\transactions_20250823_163617_20250823_163618.csv
2025-08-23 16:36:49,856 [WARNING] DB storage skipped: missing key columns customer_id, total_spend, tenure_months, activity_count
2025-08-23 16:36:50,776 [INFO] API ingestion successful. File saved: Initial_data\api_data_20250823_163650.csv
2025-08-23 16:36:50,799 [INFO] Stored raw data \u2192 data_lake\raw\api\api_data_20250823_163650_20250823_163650.csv
2025-08-23 16:36:51,135 [INFO] Data versioned in Git: data_lake\raw\api\api_data_20250823_163650_20250823_163650.csv
2025-08-23 16:36:51,343 [WARNING] DB storage skipped: missing key columns customer_id, total_spend, tenure_months, activity_count
2025-08-23 16:36:51,343 [INFO] === Full pipeline completed ===
2025-08-23 16:38:21,276 [INFO] === Starting full pipeline ===
2025-08-23 16:38:21,330 [INFO] CSV ingestion successful. File saved: Initial_data\transactions_20250823_163821.csv
2025-08-23 16:38:21,352 [INFO] Stored raw data \u2192 data_lake\raw\csv\transactions_20250823_163821_20250823_163821.csv
2025-08-23 16:38:21,615 [INFO] Data versioned in Git: data_lake\raw\csv\transactions_20250823_163821_20250823_163821.csv
2025-08-23 16:38:22,794 [WARNING] DB storage skipped: customer_id missing
2025-08-23 16:38:23,734 [INFO] API ingestion successful. File saved: Initial_data\api_data_20250823_163823.csv
2025-08-23 16:38:23,738 [INFO] Stored raw data \u2192 data_lake\raw\api\api_data_20250823_163823_20250823_163823.csv
2025-08-23 16:38:24,101 [INFO] Data versioned in Git: data_lake\raw\api\api_data_20250823_163823_20250823_163823.csv
2025-08-23 16:38:24,258 [WARNING] DB storage skipped: customer_id missing
2025-08-23 16:38:24,258 [INFO] === Full pipeline completed ===
2025-08-23 16:39:35,948 [INFO] === Starting full pipeline ===
2025-08-23 16:39:35,993 [INFO] CSV ingestion successful. File saved: Initial_data\transactions_20250823_163935.csv
2025-08-23 16:39:36,010 [INFO] Stored raw data \u2192 data_lake\raw\csv\transactions_20250823_163935_20250823_163935.csv
2025-08-23 16:39:36,360 [INFO] Data versioned in Git: data_lake\raw\csv\transactions_20250823_163935_20250823_163935.csv
2025-08-23 16:39:37,865 [WARNING] DB storage skipped: customer_id missing
2025-08-23 16:39:38,514 [INFO] API ingestion successful. File saved: Initial_data\api_data_20250823_163938.csv
2025-08-23 16:39:38,516 [INFO] Stored raw data \u2192 data_lake\raw\api\api_data_20250823_163938_20250823_163938.csv
2025-08-23 16:39:38,750 [INFO] Data versioned in Git: data_lake\raw\api\api_data_20250823_163938_20250823_163938.csv
2025-08-23 16:39:38,955 [WARNING] DB storage skipped: customer_id missing
2025-08-23 16:39:38,955 [INFO] === Full pipeline completed ===
2025-08-23 16:44:34,016 [INFO] === Starting full pipeline ===
2025-08-23 16:44:34,073 [INFO] CSV ingestion successful. File saved: Initial_data\transactions_20250823_164434.csv
2025-08-23 16:44:34,102 [INFO] Stored raw data \u2192 data_lake\raw\csv\transactions_20250823_164434_20250823_164434.csv
2025-08-23 16:44:34,364 [INFO] Data versioned in Git: data_lake\raw\csv\transactions_20250823_164434_20250823_164434.csv
2025-08-23 16:48:16,539 [INFO] === Starting full pipeline ===
2025-08-23 16:48:16,591 [INFO] CSV ingestion successful. File saved: Initial_data\transactions_20250823_164816.csv
2025-08-23 16:48:27,625 [INFO] === Starting full pipeline ===
2025-08-23 16:48:27,672 [INFO] CSV ingestion successful. File saved: Initial_data\transactions_20250823_164827.csv
2025-08-23 16:49:11,893 [INFO] === Starting full pipeline ===
2025-08-23 16:49:11,939 [INFO] CSV ingestion successful. File saved: Initial_data\transactions_20250823_164911.csv
2025-08-23 16:49:11,952 [INFO] Stored raw data \u2192 Initial_data\csv\transactions_20250823_164911_20250823_164911.csv
2025-08-23 16:49:12,277 [INFO] Data versioned in Git: Initial_data\csv\transactions_20250823_164911_20250823_164911.csv
2025-08-23 16:49:23,782 [INFO] === Starting full pipeline ===
2025-08-23 16:49:23,829 [INFO] CSV ingestion successful. File saved: Initial_data\transactions_20250823_164923.csv
2025-08-23 16:49:23,841 [INFO] Stored raw data \u2192 Initial_data\csv\transactions_20250823_164923_20250823_164923.csv
2025-08-23 16:49:24,197 [INFO] Data versioned in Git: Initial_data\csv\transactions_20250823_164923_20250823_164923.csv
2025-08-23 16:50:27,732 [INFO] === Starting full pipeline ===
2025-08-23 16:50:27,778 [INFO] CSV ingestion successful. File saved: Initial_data\transactions_20250823_165027.csv
2025-08-23 16:50:27,802 [INFO] Stored raw data \u2192 Initial_data\csv\transactions_20250823_165027_20250823_165027.csv
2025-08-23 16:50:28,114 [INFO] Data versioned in Git: Initial_data\csv\transactions_20250823_165027_20250823_165027.csv
2025-08-23 16:51:34,150 [INFO] === Starting full pipeline ===
2025-08-23 16:51:34,197 [INFO] CSV ingestion successful. File saved: Initial_data\transactions_20250823_165134.csv
2025-08-23 16:51:34,209 [INFO] Stored raw data \u2192 Initial_data\csv\transactions_20250823_165134_20250823_165134.csv
2025-08-23 16:51:34,546 [INFO] Data versioned in Git: Initial_data\csv\transactions_20250823_165134_20250823_165134.csv
2025-08-23 16:51:36,314 [WARNING] DB storage skipped: customer_id missing
2025-08-23 16:51:37,166 [INFO] API ingestion successful. File saved: Initial_data\api_data_20250823_165137.csv
2025-08-23 16:51:37,169 [INFO] Stored raw data \u2192 Initial_data\api\api_data_20250823_165137_20250823_165137.csv
2025-08-23 16:51:37,580 [INFO] Data versioned in Git: Initial_data\api\api_data_20250823_165137_20250823_165137.csv
2025-08-23 16:51:37,735 [WARNING] DB storage skipped: customer_id missing
2025-08-23 16:51:37,735 [INFO] === Full pipeline completed ===
2025-08-23 16:54:07,574 [INFO] === Starting full pipeline ===
2025-08-23 16:54:07,624 [INFO] CSV ingestion successful. File saved: Initial_data\transactions_20250823_165407.csv
2025-08-23 16:54:07,637 [INFO] Stored raw data \u2192 Initial_data\csv\transactions_20250823_165407_20250823_165407.csv
2025-08-23 16:54:07,948 [INFO] Data versioned in Git: Initial_data\csv\transactions_20250823_165407_20250823_165407.csv
2025-08-23 16:54:09,105 [WARNING] DB storage skipped: customer_id missing
2025-08-23 16:54:09,932 [INFO] API ingestion successful. File saved: Initial_data\api_data_20250823_165409.csv
2025-08-23 16:54:09,937 [INFO] Stored raw data \u2192 Initial_data\api\api_data_20250823_165409_20250823_165409.csv
2025-08-23 16:54:10,267 [INFO] Data versioned in Git: Initial_data\api\api_data_20250823_165409_20250823_165409.csv
2025-08-23 16:54:10,424 [WARNING] DB storage skipped: customer_id missing
2025-08-23 16:54:10,424 [INFO] === Full pipeline completed ===
2025-08-23 16:54:56,630 [INFO] === Starting full pipeline ===
2025-08-23 16:54:56,677 [INFO] CSV ingestion successful. File saved: Initial_data\transactions_20250823_165456.csv
2025-08-23 16:54:56,689 [INFO] Stored raw data \u2192 Initial_data\csv\transactions_20250823_165456_20250823_165456.csv
2025-08-23 16:54:57,106 [INFO] Data versioned in Git: Initial_data\csv\transactions_20250823_165456_20250823_165456.csv
2025-08-23 16:54:59,337 [WARNING] DB storage skipped: customer_id missing
2025-08-23 16:55:01,027 [INFO] API ingestion successful. File saved: Initial_data\api_data_20250823_165501.csv
2025-08-23 16:55:01,031 [INFO] Stored raw data \u2192 Initial_data\api\api_data_20250823_165501_20250823_165501.csv
2025-08-23 16:55:01,319 [INFO] Data versioned in Git: Initial_data\api\api_data_20250823_165501_20250823_165501.csv
2025-08-23 16:55:01,487 [WARNING] DB storage skipped: customer_id missing
2025-08-23 16:55:01,488 [INFO] === Full pipeline completed ===
2025-08-23 16:58:55,545 [INFO] === Starting full pipeline ===
2025-08-23 16:58:55,611 [INFO] CSV ingestion successful. File saved: Initial_data\transactions_20250823_165855.csv
2025-08-23 16:58:55,640 [INFO] Stored raw data \u2192 Initial_data\csv\transactions_20250823_165855_20250823_165855.csv
2025-08-23 16:58:55,964 [INFO] Data versioned in Git: Initial_data\csv\transactions_20250823_165855_20250823_165855.csv
2025-08-23 16:58:57,300 [WARNING] DB storage skipped: customer_id missing
2025-08-23 16:58:58,173 [INFO] API ingestion successful. File saved: Initial_data\api_data_20250823_165858.csv
2025-08-23 16:58:58,190 [INFO] Stored raw data \u2192 Initial_data\api\api_data_20250823_165858_20250823_165858.csv
2025-08-23 16:58:58,514 [INFO] Data versioned in Git: Initial_data\api\api_data_20250823_165858_20250823_165858.csv
2025-08-23 16:58:58,689 [INFO] === Full pipeline completed ===
2025-08-23 16:59:11,359 [INFO] === Starting full pipeline ===
2025-08-23 16:59:11,407 [INFO] CSV ingestion successful. File saved: Initial_data\transactions_20250823_165911.csv
2025-08-23 16:59:11,419 [INFO] Stored raw data \u2192 Initial_data\csv\transactions_20250823_165911_20250823_165911.csv
2025-08-23 16:59:11,731 [INFO] Data versioned in Git: Initial_data\csv\transactions_20250823_165911_20250823_165911.csv
2025-08-23 16:59:13,165 [WARNING] DB storage skipped: customer_id missing
2025-08-23 16:59:13,852 [INFO] API ingestion successful. File saved: Initial_data\api_data_20250823_165913.csv
2025-08-23 16:59:13,858 [INFO] Stored raw data \u2192 Initial_data\api\api_data_20250823_165913_20250823_165913.csv
2025-08-23 16:59:14,175 [INFO] Data versioned in Git: Initial_data\api\api_data_20250823_165913_20250823_165913.csv
2025-08-23 16:59:14,339 [INFO] === Full pipeline completed ===
2025-08-23 17:10:48,158 [INFO] === Starting full pipeline ===
2025-08-23 17:10:48,206 [INFO] CSV ingestion successful. File saved: Initial_data\transactions_20250823_171048.csv
2025-08-23 17:10:48,240 [INFO] Stored raw data \u2192 Initial_data\csv\transactions_20250823_171048_20250823_171048.csv
2025-08-23 17:10:48,588 [INFO] Data versioned in Git: Initial_data\csv\transactions_20250823_171048_20250823_171048.csv
2025-08-23 17:10:49,974 [WARNING] DB storage skipped: customer_id missing
2025-08-23 17:10:50,740 [INFO] API ingestion successful. File saved: Initial_data\api_data_20250823_171050.csv
2025-08-23 17:10:50,746 [INFO] Stored raw data \u2192 Initial_data\api\api_data_20250823_171050_20250823_171050.csv
2025-08-23 17:10:51,270 [INFO] Data versioned in Git: Initial_data\api\api_data_20250823_171050_20250823_171050.csv
2025-08-23 17:10:51,561 [INFO] === Full pipeline completed ===
2025-08-23 17:12:39,782 [INFO] === Starting full pipeline ===
2025-08-23 17:12:39,852 [INFO] CSV ingestion successful. File saved: Initial_data\transactions_20250823_171239.csv
2025-08-23 17:12:39,878 [INFO] Stored raw data \u2192 Initial_data\csv\transactions_20250823_171239_20250823_171239.csv
2025-08-23 17:12:40,171 [INFO] Data versioned in Git: Initial_data\csv\transactions_20250823_171239_20250823_171239.csv
2025-08-23 17:12:41,364 [WARNING] DB storage skipped: customer_id missing
2025-08-23 17:12:42,307 [INFO] API ingestion successful. File saved: Initial_data\api_data_20250823_171242.csv
2025-08-23 17:12:42,312 [INFO] Stored raw data \u2192 Initial_data\api\api_data_20250823_171242_20250823_171242.csv
2025-08-23 17:12:42,634 [INFO] Data versioned in Git: Initial_data\api\api_data_20250823_171242_20250823_171242.csv
2025-08-23 17:12:42,818 [INFO] === Full pipeline completed ===
2025-08-23 17:14:42,899 [INFO] === Starting full pipeline ===
2025-08-23 17:14:42,956 [INFO] CSV ingestion successful. File saved: Initial_data\transactions_20250823_171442.csv
2025-08-23 17:14:42,967 [INFO] Stored raw data \u2192 Initial_data\csv\transactions_20250823_171442_20250823_171442.csv
2025-08-23 17:14:43,325 [INFO] Data versioned in Git: Initial_data\csv\transactions_20250823_171442_20250823_171442.csv
2025-08-23 17:14:53,651 [INFO] API ingestion successful. File saved: Initial_data\api_data_20250823_171453.csv
2025-08-23 17:14:53,667 [INFO] Stored raw data \u2192 Initial_data\api\api_data_20250823_171453_20250823_171453.csv
2025-08-23 17:14:53,993 [INFO] Data versioned in Git: Initial_data\api\api_data_20250823_171453_20250823_171453.csv
2025-08-23 17:16:40,202 [INFO] === Starting full pipeline ===
2025-08-23 17:16:40,248 [INFO] CSV ingestion successful. File saved: Initial_data\transactions_20250823_171640.csv
2025-08-23 17:16:40,262 [INFO] Stored raw data \u2192 Initial_data\csv\transactions_20250823_171640_20250823_171640.csv
2025-08-23 17:16:40,627 [INFO] Data versioned in Git: Initial_data\csv\transactions_20250823_171640_20250823_171640.csv
2025-08-23 17:16:51,320 [INFO] API ingestion successful. File saved: Initial_data\api_data_20250823_171651.csv
2025-08-23 17:16:51,326 [INFO] Stored raw data \u2192 Initial_data\api\api_data_20250823_171651_20250823_171651.csv
2025-08-23 17:16:51,647 [INFO] Data versioned in Git: Initial_data\api\api_data_20250823_171651_20250823_171651.csv
2025-08-23 17:16:51,833 [INFO] === Full pipeline completed ===
2025-08-23 17:30:51,738 [INFO] === Starting full pipeline ===
2025-08-23 17:30:51,809 [INFO] CSV ingestion successful. File saved: Initial_data\transactions_20250823_173051.csv
2025-08-23 17:30:51,846 [INFO] Stored raw data \u2192 Initial_data\csv\transactions_20250823_173051_20250823_173051.csv
2025-08-23 17:30:52,237 [INFO] Data versioned in Git: Initial_data\csv\transactions_20250823_173051_20250823_173051.csv
2025-08-23 17:31:04,317 [INFO] API ingestion successful. File saved: Initial_data\api_data_20250823_173104.csv
2025-08-23 17:31:04,321 [INFO] Stored raw data \u2192 Initial_data\api\api_data_20250823_173104_20250823_173104.csv
2025-08-23 17:31:04,622 [INFO] Data versioned in Git: Initial_data\api\api_data_20250823_173104_20250823_173104.csv
2025-08-23 17:31:04,809 [INFO] === Full pipeline completed ===
2025-08-23 17:38:35,619 [INFO] === Starting full pipeline ===
2025-08-23 17:38:35,676 [INFO] CSV ingestion successful. File saved: Initial_data\transactions_20250823_173835.csv
2025-08-23 17:38:35,692 [INFO] Stored raw data \u2192 Initial_data\csv\transactions_20250823_173835_20250823_173835.csv
2025-08-23 17:38:36,031 [INFO] Data versioned in Git: Initial_data\csv\transactions_20250823_173835_20250823_173835.csv
2025-08-23 17:41:22,070 [INFO] === Starting full pipeline ===
2025-08-23 17:41:22,123 [INFO] CSV ingestion successful. File saved: Initial_data\transactions_20250823_174122.csv
2025-08-23 17:41:22,144 [INFO] Stored raw data \u2192 Initial_data\csv\transactions_20250823_174122_20250823_174122.csv
2025-08-23 17:41:22,464 [INFO] Data versioned in Git: Initial_data\csv\transactions_20250823_174122_20250823_174122.csv
2025-08-23 17:41:32,540 [INFO] API ingestion successful. File saved: Initial_data\api_data_20250823_174132.csv
2025-08-23 17:41:32,546 [INFO] Stored raw data \u2192 Initial_data\api\api_data_20250823_174132_20250823_174132.csv
2025-08-23 17:41:32,843 [INFO] Data versioned in Git: Initial_data\api\api_data_20250823_174132_20250823_174132.csv
2025-08-23 17:41:33,027 [INFO] === Full pipeline completed ===
2025-08-23 17:43:59,247 [INFO] === Starting full pipeline ===
2025-08-23 17:43:59,320 [INFO] CSV ingestion successful. File saved: Initial_data\transactions_20250823_174359.csv
2025-08-23 17:43:59,332 [INFO] Stored raw data \u2192 Initial_data\csv\transactions_20250823_174359_20250823_174359.csv
2025-08-23 17:43:59,636 [INFO] Data versioned in Git: Initial_data\csv\transactions_20250823_174359_20250823_174359.csv
2025-08-23 17:44:09,841 [INFO] API ingestion successful. File saved: Initial_data\api_data_20250823_174409.csv
2025-08-23 17:44:09,854 [INFO] Stored raw data \u2192 Initial_data\api\api_data_20250823_174409_20250823_174409.csv
2025-08-23 17:44:10,279 [INFO] Data versioned in Git: Initial_data\api\api_data_20250823_174409_20250823_174409.csv
2025-08-23 17:44:10,465 [INFO] === Full pipeline completed ===
2025-08-23 17:48:15,746 [INFO] === Starting full pipeline ===
2025-08-23 17:48:15,797 [INFO] CSV ingestion successful. File saved: Initial_data\transactions_20250823_174815.csv
2025-08-23 17:48:15,808 [INFO] Stored raw data \u2192 Initial_data\csv\transactions_20250823_174815_20250823_174815.csv
2025-08-23 17:48:16,135 [INFO] Data versioned in Git: Initial_data\csv\transactions_20250823_174815_20250823_174815.csv
2025-08-23 17:48:26,308 [INFO] API ingestion successful. File saved: Initial_data\api_data_20250823_174826.csv
2025-08-23 17:48:26,310 [INFO] Stored raw data \u2192 Initial_data\api\api_data_20250823_174826_20250823_174826.csv
2025-08-23 17:48:26,608 [INFO] Data versioned in Git: Initial_data\api\api_data_20250823_174826_20250823_174826.csv
2025-08-23 17:48:26,805 [INFO] === Full pipeline completed ===
2025-08-23 17:49:05,914 [INFO] === Starting full pipeline ===
2025-08-23 17:49:05,960 [INFO] CSV ingestion successful. File saved: Initial_data\transactions_20250823_174905.csv
2025-08-23 17:49:05,974 [INFO] Stored raw data \u2192 Initial_data\csv\transactions_20250823_174905_20250823_174905.csv
2025-08-23 17:49:38,784 [INFO] === Starting full pipeline ===
2025-08-23 17:49:38,830 [INFO] CSV ingestion successful. File saved: Initial_data\transactions_20250823_174938.csv
2025-08-23 17:49:38,841 [INFO] Stored raw data \u2192 Initial_data\csv\transactions_20250823_174938_20250823_174938.csv
2025-08-23 17:49:39,147 [INFO] Data versioned in Git: Initial_data\csv\transactions_20250823_174938_20250823_174938.csv
2025-08-23 17:49:49,114 [INFO] API ingestion successful. File saved: Initial_data\api_data_20250823_174949.csv
2025-08-23 17:49:49,119 [INFO] Stored raw data \u2192 Initial_data\api\api_data_20250823_174949_20250823_174949.csv
2025-08-23 17:49:49,426 [INFO] Data versioned in Git: Initial_data\api\api_data_20250823_174949_20250823_174949.csv
2025-08-23 17:49:49,609 [INFO] === Full pipeline completed ===
2025-08-23 17:51:01,509 [INFO] === Starting full pipeline ===
2025-08-23 17:51:01,557 [INFO] CSV ingestion successful. File saved: Initial_data\transactions_20250823_175101.csv
2025-08-23 17:51:01,589 [INFO] Stored raw data \u2192 Initial_data\csv\transactions_20250823_175101_20250823_175101.csv
2025-08-23 17:51:01,946 [INFO] Data versioned in Git: Initial_data\csv\transactions_20250823_175101_20250823_175101.csv
2025-08-23 17:51:03,639 [INFO] API ingestion successful. File saved: Initial_data\api_data_20250823_175103.csv
2025-08-23 17:51:03,644 [INFO] Stored raw data \u2192 Initial_data\api\api_data_20250823_175103_20250823_175103.csv
2025-08-23 17:51:03,964 [INFO] Data versioned in Git: Initial_data\api\api_data_20250823_175103_20250823_175103.csv
2025-08-23 17:51:04,118 [INFO] === Full pipeline completed ===
2025-08-23 17:54:39,545 [INFO] === Starting full pipeline ===
2025-08-23 17:54:39,665 [INFO] CSV ingestion successful. File saved: Initial_data\transactions_20250823_175439.csv
2025-08-23 17:54:39,691 [INFO] Stored raw data \u2192 Initial_data\csv\transactions_20250823_175439_20250823_175439.csv
2025-08-23 17:54:40,260 [INFO] Data versioned in Git: Initial_data\csv\transactions_20250823_175439_20250823_175439.csv
2025-08-23 17:54:44,918 [INFO] API ingestion successful. File saved: Initial_data\api_data_20250823_175444.csv
2025-08-23 17:54:57,352 [INFO] Stored raw data \u2192 Initial_data\api\api_data_20250823_175444_20250823_175444.csv
2025-08-23 17:54:57,655 [INFO] Data versioned in Git: Initial_data\api\api_data_20250823_175444_20250823_175444.csv
2025-08-23 17:54:58,089 [INFO] === Full pipeline completed ===
2025-08-23 17:55:22,013 [INFO] === Starting full pipeline ===
2025-08-23 17:55:22,060 [INFO] CSV ingestion successful. File saved: Initial_data\transactions_20250823_175522.csv
2025-08-23 17:55:22,072 [INFO] Stored raw data \u2192 Initial_data\csv\transactions_20250823_175522_20250823_175522.csv
2025-08-23 17:55:22,361 [INFO] Data versioned in Git: Initial_data\csv\transactions_20250823_175522_20250823_175522.csv
2025-08-23 17:55:23,969 [INFO] API ingestion successful. File saved: Initial_data\api_data_20250823_175523.csv
2025-08-23 17:55:23,972 [INFO] Stored raw data \u2192 Initial_data\api\api_data_20250823_175523_20250823_175523.csv
2025-08-23 17:55:24,226 [INFO] Data versioned in Git: Initial_data\api\api_data_20250823_175523_20250823_175523.csv
2025-08-23 17:55:24,377 [INFO] === Full pipeline completed ===
2025-08-23 18:01:06,088 [INFO] === Starting full pipeline ===
2025-08-23 18:01:06,149 [INFO] CSV ingestion successful. File saved: Initial_data\transactions_20250823_180106.csv
2025-08-23 18:01:06,177 [INFO] Stored raw data \u2192 Initial_data\csv\transactions_20250823_180106_20250823_180106.csv
2025-08-23 18:01:06,570 [INFO] Data versioned in Git: Initial_data\csv\transactions_20250823_180106_20250823_180106.csv
2025-08-23 18:01:08,487 [INFO] API ingestion successful. File saved: Initial_data\api_data_20250823_180108.csv
2025-08-23 18:01:08,501 [INFO] Stored raw data \u2192 Initial_data\api\api_data_20250823_180108_20250823_180108.csv
2025-08-23 18:01:08,772 [INFO] Data versioned in Git: Initial_data\api\api_data_20250823_180108_20250823_180108.csv
2025-08-23 18:01:08,923 [INFO] === Full pipeline completed ===
2025-08-23 18:02:38,355 [INFO] === Starting full pipeline ===
2025-08-23 18:02:38,403 [INFO] CSV ingestion successful. File saved: Initial_data\transactions_20250823_180238.csv
2025-08-23 18:02:38,414 [INFO] Stored raw data \u2192 Initial_data\csv\transactions_20250823_180238_20250823_180238.csv
2025-08-23 18:02:38,737 [INFO] Data versioned in Git: Initial_data\csv\transactions_20250823_180238_20250823_180238.csv
2025-08-23 18:04:04,495 [INFO] === Starting full pipeline ===
2025-08-23 18:04:04,542 [INFO] CSV ingestion successful. File saved: Initial_data\transactions_20250823_180404.csv
2025-08-23 18:04:04,573 [INFO] Stored raw data \u2192 Initial_data\csv\transactions_20250823_180404_20250823_180404.csv
2025-08-23 18:04:04,898 [INFO] Data versioned in Git: Initial_data\csv\transactions_20250823_180404_20250823_180404.csv
2025-08-23 18:04:06,821 [INFO] API ingestion successful. File saved: Initial_data\api_data_20250823_180406.csv
2025-08-23 18:04:06,828 [INFO] Stored raw data \u2192 Initial_data\api\api_data_20250823_180406_20250823_180406.csv
2025-08-23 18:04:07,101 [INFO] Data versioned in Git: Initial_data\api\api_data_20250823_180406_20250823_180406.csv
2025-08-23 18:04:07,249 [INFO] === Full pipeline completed ===
2025-08-23 18:05:33,147 [INFO] === Starting full pipeline ===
2025-08-23 18:05:33,197 [INFO] CSV ingestion successful. File saved: Initial_data\transactions_20250823_180533.csv
2025-08-23 18:05:33,227 [INFO] Stored raw data \u2192 Initial_data\csv\transactions_20250823_180533_20250823_180533.csv
2025-08-23 18:05:33,554 [INFO] Data versioned in Git: Initial_data\csv\transactions_20250823_180533_20250823_180533.csv
2025-08-23 18:05:43,692 [INFO] API ingestion successful. File saved: Initial_data\api_data_20250823_180543.csv
2025-08-23 18:05:43,698 [INFO] Stored raw data \u2192 Initial_data\api\api_data_20250823_180543_20250823_180543.csv
2025-08-23 18:05:44,022 [INFO] Data versioned in Git: Initial_data\api\api_data_20250823_180543_20250823_180543.csv
2025-08-23 18:05:44,201 [INFO] === Full pipeline completed ===
2025-08-23 18:07:25,984 [INFO] === Starting full pipeline ===
2025-08-23 18:07:26,030 [INFO] CSV ingestion successful. File saved: Initial_data\transactions_20250823_180726.csv
2025-08-23 18:07:26,054 [INFO] Stored raw data \u2192 Initial_data\csv\transactions_20250823_180726_20250823_180726.csv
2025-08-23 18:07:26,387 [INFO] Data versioned in Git: Initial_data\csv\transactions_20250823_180726_20250823_180726.csv
2025-08-23 18:07:36,756 [INFO] API ingestion successful. File saved: Initial_data\api_data_20250823_180736.csv
2025-08-23 18:07:36,761 [INFO] Stored raw data \u2192 Initial_data\api\api_data_20250823_180736_20250823_180736.csv
2025-08-23 18:07:37,099 [INFO] Data versioned in Git: Initial_data\api\api_data_20250823_180736_20250823_180736.csv
2025-08-23 18:07:37,290 [INFO] === Full pipeline completed ===
2025-08-23 18:09:00,733 [INFO] === Starting full pipeline ===
2025-08-23 18:09:00,780 [INFO] CSV ingestion successful. File saved: Initial_data\transactions_20250823_180900.csv
2025-08-23 18:09:00,792 [INFO] Stored raw data \u2192 Initial_data\csv\transactions_20250823_180900_20250823_180900.csv
2025-08-23 18:09:01,143 [INFO] Data versioned in Git: Initial_data\csv\transactions_20250823_180900_20250823_180900.csv
2025-08-23 18:09:11,337 [INFO] API ingestion successful. File saved: Initial_data\api_data_20250823_180911.csv
2025-08-23 18:09:11,342 [INFO] Stored raw data \u2192 Initial_data\api\api_data_20250823_180911_20250823_180911.csv
2025-08-23 18:09:11,618 [INFO] Data versioned in Git: Initial_data\api\api_data_20250823_180911_20250823_180911.csv
2025-08-23 18:09:11,812 [INFO] === Full pipeline completed ===
2025-08-23 18:10:37,581 [INFO] === Starting full pipeline ===
2025-08-23 18:10:37,718 [INFO] CSV ingestion successful. File saved: Initial_data\transactions_20250823_181037.csv
2025-08-23 18:10:37,736 [INFO] Stored raw data \u2192 Initial_data\csv\transactions_20250823_181037_20250823_181037.csv
2025-08-23 18:10:38,281 [INFO] Data versioned in Git: Initial_data\csv\transactions_20250823_181037_20250823_181037.csv
2025-08-23 18:11:08,682 [INFO] API ingestion successful. File saved: Initial_data\api_data_20250823_181108.csv
2025-08-23 18:11:08,706 [INFO] Stored raw data \u2192 Initial_data\api\api_data_20250823_181108_20250823_181108.csv
2025-08-23 18:11:09,137 [INFO] Data versioned in Git: Initial_data\api\api_data_20250823_181108_20250823_181108.csv
2025-08-23 18:11:09,783 [INFO] === Full pipeline completed ===
2025-08-23 18:19:36,570 [INFO] === Starting full pipeline ===
2025-08-23 18:19:36,628 [INFO] CSV ingestion successful. File saved: Initial_data\transactions_20250823_181936.csv
2025-08-23 18:19:36,640 [INFO] Stored raw data \u2192 Initial_data\csv\transactions_20250823_181936_20250823_181936.csv
2025-08-23 18:19:36,931 [INFO] Data versioned in Git: Initial_data\csv\transactions_20250823_181936_20250823_181936.csv
2025-08-23 18:20:24,010 [INFO] API ingestion successful. File saved: Initial_data\api_data_20250823_182024.csv
2025-08-23 18:20:24,020 [INFO] Stored raw data \u2192 Initial_data\api\api_data_20250823_182024_20250823_182024.csv
2025-08-23 18:20:24,488 [INFO] Data versioned in Git: Initial_data\api\api_data_20250823_182024_20250823_182024.csv
2025-08-23 18:20:25,640 [INFO] === Full pipeline completed ===
2025-08-23 18:49:18,946 [INFO] === Starting full pipeline ===
2025-08-23 18:49:19,010 [INFO] CSV ingestion successful. File saved: Initial_data\transactions_20250823_184918.csv
2025-08-23 18:49:19,023 [INFO] Stored raw data \u2192 Initial_data\csv\transactions_20250823_184918_20250823_184919.csv
2025-08-23 18:49:19,430 [INFO] Data versioned in Git: Initial_data\csv\transactions_20250823_184918_20250823_184919.csv
2025-08-23 18:49:39,548 [INFO] API ingestion successful. File saved: Initial_data\api_data_20250823_184939.csv
2025-08-23 18:49:39,564 [INFO] Stored raw data \u2192 Initial_data\api\api_data_20250823_184939_20250823_184939.csv
2025-08-23 18:49:39,923 [INFO] Data versioned in Git: Initial_data\api\api_data_20250823_184939_20250823_184939.csv
2025-08-23 18:49:40,257 [INFO] === Full pipeline completed ===
2025-08-23 19:02:51,900 [INFO] === Starting full pipeline ===
2025-08-23 19:02:51,962 [INFO] CSV ingestion successful. File saved: Initial_data\transactions_20250823_190251.csv
2025-08-23 19:02:51,973 [INFO] Stored raw data \u2192 Initial_data\csv\transactions_20250823_190251_20250823_190251.csv
2025-08-23 19:02:52,336 [INFO] Data versioned in Git: Initial_data\csv\transactions_20250823_190251_20250823_190251.csv
2025-08-23 19:03:10,819 [INFO] API ingestion successful. File saved: Initial_data\api_data_20250823_190310.csv
2025-08-23 19:03:10,831 [INFO] Stored raw data \u2192 Initial_data\api\api_data_20250823_190310_20250823_190310.csv
2025-08-23 19:03:11,134 [INFO] Data versioned in Git: Initial_data\api\api_data_20250823_190310_20250823_190310.csv
2025-08-23 19:03:11,476 [INFO] === Full pipeline completed ===
2025-08-23 19:14:37,154 [INFO] === Starting full pipeline ===
2025-08-23 19:14:37,220 [INFO] CSV ingestion successful. File saved: Initial_data\transactions_20250823_191437.csv
2025-08-23 19:14:37,243 [INFO] Stored raw data \u2192 Initial_data\csv\transactions_20250823_191437_20250823_191437.csv
2025-08-23 19:14:37,632 [INFO] Data versioned in Git: Initial_data\csv\transactions_20250823_191437_20250823_191437.csv
2025-08-23 19:14:54,697 [INFO] API ingestion successful. File saved: Initial_data\api_data_20250823_191454.csv
2025-08-23 19:14:54,712 [INFO] Stored raw data \u2192 Initial_data\api\api_data_20250823_191454_20250823_191454.csv
2025-08-23 19:14:55,068 [INFO] Data versioned in Git: Initial_data\api\api_data_20250823_191454_20250823_191454.csv
2025-08-23 19:15:48,030 [INFO] === Full pipeline completed ===
2025-08-23 20:04:55,367 [INFO] === Starting full pipeline ===
2025-08-23 20:04:55,628 [INFO] CSV ingestion successful. File saved: Initial_data\transactions_20250823_200455.csv
2025-08-23 20:04:55,677 [INFO] Stored raw data \u2192 Initial_data\csv\transactions_20250823_200455_20250823_200455.csv
2025-08-23 20:04:56,295 [INFO] Data versioned in Git: Initial_data\csv\transactions_20250823_200455_20250823_200455.csv
2025-08-23 20:05:49,554 [INFO] API ingestion successful. File saved: Initial_data\api_data_20250823_200549.csv
2025-08-23 20:05:49,571 [INFO] Stored raw data \u2192 Initial_data\api\api_data_20250823_200549_20250823_200549.csv
2025-08-23 20:05:49,882 [INFO] Data versioned in Git: Initial_data\api\api_data_20250823_200549_20250823_200549.csv
2025-08-23 20:05:50,217 [INFO] === Full pipeline completed ===
2025-08-23 20:17:46,521 [INFO] === Starting full pipeline ===
2025-08-23 20:17:46,603 [INFO] CSV ingestion successful. File saved: Initial_data\transactions_20250823_201746.csv
2025-08-23 20:17:46,663 [INFO] Stored raw data \u2192 Initial_data\csv\transactions_20250823_201746_20250823_201746.csv
2025-08-23 20:17:46,997 [INFO] Data versioned in Git: Initial_data\csv\transactions_20250823_201746_20250823_201746.csv
2025-08-23 20:17:57,713 [INFO] API ingestion successful. File saved: Initial_data\api_data_20250823_201757.csv
2025-08-23 20:17:57,729 [INFO] Stored raw data \u2192 Initial_data\api\api_data_20250823_201757_20250823_201757.csv
2025-08-23 20:17:58,053 [INFO] Data versioned in Git: Initial_data\api\api_data_20250823_201757_20250823_201757.csv
2025-08-23 20:17:58,240 [INFO] === Full pipeline completed ===
2025-08-23 20:29:20,191 [INFO] === Starting full pipeline ===
2025-08-23 20:29:20,240 [INFO] CSV ingestion successful. File saved: Initial_data\transactions_20250823_202920.csv
2025-08-23 20:29:20,271 [INFO] Stored raw data \u2192 Initial_data\csv\transactions_20250823_202920_20250823_202920.csv
2025-08-23 20:29:20,620 [INFO] Data versioned in Git: Initial_data\csv\transactions_20250823_202920_20250823_202920.csv
2025-08-23 20:29:33,148 [INFO] API ingestion successful. File saved: Initial_data\api_data_20250823_202933.csv
2025-08-23 20:29:33,164 [INFO] Stored raw data \u2192 Initial_data\api\api_data_20250823_202933_20250823_202933.csv
2025-08-23 20:29:33,504 [INFO] Data versioned in Git: Initial_data\api\api_data_20250823_202933_20250823_202933.csv
2025-08-23 20:29:33,739 [INFO] === Full pipeline completed ===
2025-08-23 20:41:21,367 [INFO] === Starting full pipeline ===
2025-08-23 20:41:21,425 [INFO] CSV ingestion successful. File saved: Initial_data\transactions_20250823_204121.csv
2025-08-23 20:41:21,438 [INFO] Stored raw data \u2192 Initial_data\csv\transactions_20250823_204121_20250823_204121.csv
2025-08-23 20:41:21,811 [INFO] Data versioned in Git: Initial_data\csv\transactions_20250823_204121_20250823_204121.csv
2025-08-23 20:41:32,054 [INFO] API ingestion successful. File saved: Initial_data\api_data_20250823_204132.csv
2025-08-23 20:41:32,062 [INFO] Stored raw data \u2192 Initial_data\api\api_data_20250823_204132_20250823_204132.csv
2025-08-23 20:41:32,424 [INFO] Data versioned in Git: Initial_data\api\api_data_20250823_204132_20250823_204132.csv
2025-08-23 20:41:32,625 [INFO] === Full pipeline completed ===
2025-08-23 20:45:09,938 [INFO] === Starting full pipeline ===
2025-08-23 20:45:09,998 [INFO] CSV ingestion successful. File saved: Initial_data\transactions_20250823_204509.csv
2025-08-23 20:45:10,030 [INFO] Stored raw data \u2192 Initial_data\csv\transactions_20250823_204509_20250823_204509.csv
2025-08-23 20:45:10,462 [INFO] Data versioned in Git: Initial_data\csv\transactions_20250823_204509_20250823_204509.csv
2025-08-23 20:45:20,868 [INFO] API ingestion successful. File saved: Initial_data\api_data_20250823_204520.csv
2025-08-23 20:45:20,883 [INFO] Stored raw data \u2192 Initial_data\api\api_data_20250823_204520_20250823_204520.csv
2025-08-23 20:45:21,207 [INFO] Data versioned in Git: Initial_data\api\api_data_20250823_204520_20250823_204520.csv
2025-08-23 20:46:35,460 [INFO] === Full pipeline completed ===
2025-08-23 21:22:29,538 [INFO] === Starting full pipeline ===
2025-08-23 21:22:29,597 [INFO] CSV ingestion successful. File saved: Initial_data\transactions_20250823_212229.csv
2025-08-23 21:22:29,610 [INFO] Stored raw data \u2192 Initial_data\csv\transactions_20250823_212229_20250823_212229.csv
2025-08-23 21:22:29,993 [INFO] Data versioned in Git: Initial_data\csv\transactions_20250823_212229_20250823_212229.csv
2025-08-23 21:22:41,967 [INFO] API ingestion successful. File saved: Initial_data\api_data_20250823_212241.csv
2025-08-23 21:22:41,980 [INFO] Stored raw data \u2192 Initial_data\api\api_data_20250823_212241_20250823_212241.csv
2025-08-23 21:22:42,222 [INFO] Data versioned in Git: Initial_data\api\api_data_20250823_212241_20250823_212241.csv
2025-08-23 21:22:42,471 [INFO] === Full pipeline completed ===
2025-08-23 21:32:38,891 [INFO] === Starting full pipeline ===
2025-08-23 21:32:38,948 [INFO] CSV ingestion successful. File saved: Initial_data\transactions_20250823_213238.csv
2025-08-23 21:32:38,962 [INFO] Stored raw data \u2192 Initial_data\csv\transactions_20250823_213238_20250823_213238.csv
2025-08-23 21:32:39,349 [INFO] Data versioned in Git: Initial_data\csv\transactions_20250823_213238_20250823_213238.csv
2025-08-23 21:32:49,479 [INFO] API ingestion successful. File saved: Initial_data\api_data_20250823_213249.csv
2025-08-23 21:32:49,499 [INFO] Stored raw data \u2192 Initial_data\api\api_data_20250823_213249_20250823_213249.csv
2025-08-23 21:32:49,790 [INFO] Data versioned in Git: Initial_data\api\api_data_20250823_213249_20250823_213249.csv
2025-08-23 21:32:49,974 [INFO] === Full pipeline completed ===
