2025-08-24 11:59:03,473 - ERROR - FAILED - churn_modelling ingestion failed: [Errno 2] No such file or directory: '../raw_data/churn_modelling.csv'
2025-08-24 11:59:03,474 - ERROR - FAILED - telco_churn ingestion failed: [Errno 2] No such file or directory: '../raw_data/WA_Fn-UseC_-Telco-Customer-Churn.csv'
2025-08-24 12:12:15,949 - ERROR - FAILED - churn_modelling ingestion failed: [Errno 2] No such file or directory: 'D:\\BITS_SEM2\\DMML_Assignment\\CustomerTransactionData\\churn_modelling.csv'
2025-08-24 12:12:15,949 - ERROR - FAILED - telco_churn ingestion failed: [Errno 13] Permission denied: 'D:\\BITS_SEM2\\DMML_Assignment\\Task1_DataIngestion\\raw_data\\churn_modelling'
2025-08-24 12:12:17,181 - INFO - API ingestion successful. File saved: raw_data\api_data_20250824_121217.csv
2025-08-24 12:17:54,627 - INFO - SUCCESS - Ingested churn_modelling into raw_data\churn_modelling\churn_modelling_20250824_121754.csv with 1409 rows.
2025-08-24 12:17:54,754 - INFO - SUCCESS - Ingested telco_churn into raw_data\telco_churn\telco_churn_20250824_121754.csv with 7043 rows.
2025-08-24 12:17:57,674 - INFO - API ingestion successful. File saved: raw_data\api_data_20250824_121757.csv
2025-08-24 14:08:21,656 - INFO - SUCCESS - Ingested churn_modelling into raw_data\churn_modelling\churn_modelling_20250824_140821.csv with 1409 rows.
2025-08-24 14:08:21,757 - INFO - SUCCESS - Ingested telco_churn into raw_data\telco_churn\telco_churn_20250824_140821.csv with 7043 rows.
2025-08-24 14:08:23,001 - INFO - API ingestion successful. File saved: raw_data\api_data_20250824_140822.csv
2025-08-24 14:32:52,299 - INFO - SUCCESS - Ingested churn_modelling into raw_data\churn_modelling\churn_modelling_20250824_143252.csv with 1409 rows.
2025-08-24 14:32:52,415 - INFO - SUCCESS - Ingested telco_churn into raw_data\telco_churn\telco_churn_20250824_143252.csv with 7043 rows.
2025-08-24 14:32:53,460 - INFO - API ingestion successful. File saved: raw_data\api_data_20250824_143253.csv
2025-08-24 14:38:26,354 - INFO - SUCCESS - Ingested churn_modelling into raw_data\churn_modelling\churn_modelling_20250824_143826.csv with 1409 rows.
2025-08-24 14:38:26,476 - INFO - SUCCESS - Ingested telco_churn into raw_data\telco_churn\telco_churn_20250824_143826.csv with 7043 rows.
2025-08-24 14:38:27,551 - INFO - API ingestion successful. File saved: raw_data\api_data_20250824_143827.csv
2025-08-24 15:23:13,452 - INFO - SUCCESS - Ingested churn_modelling into raw_data\churn_modelling\churn_modelling_20250824_152313.csv with 1409 rows.
2025-08-24 15:23:13,588 - INFO - SUCCESS - Ingested telco_churn into raw_data\telco_churn\telco_churn_20250824_152313.csv with 7043 rows.
2025-08-24 15:23:14,166 - INFO - API ingestion successful. File saved: raw_data\api_data_20250824_152314.csv
2025-08-24 15:26:37,507 - INFO - SUCCESS - Ingested churn_modelling into raw_data\churn_modelling\churn_modelling_20250824_152637.csv with 1409 rows.
2025-08-24 15:26:37,635 - INFO - SUCCESS - Ingested telco_churn into raw_data\telco_churn\telco_churn_20250824_152637.csv with 7043 rows.
2025-08-24 15:26:38,145 - INFO - API ingestion successful. File saved: raw_data\api_data_20250824_152638.csv
2025-08-24 15:55:36,336 - INFO - SUCCESS - Ingested churn_modelling into raw_data\churn_modelling\churn_modelling_20250824_155536.csv with 1409 rows.
2025-08-24 15:55:36,457 - INFO - SUCCESS - Ingested telco_churn into raw_data\telco_churn\telco_churn_20250824_155536.csv with 7043 rows.
2025-08-24 15:55:37,351 - INFO - API ingestion successful. File saved: raw_data\api_data_20250824_155537.csv
